Determining if the pthread_create exist failed with the following output:
Change Dir: /home/jyk/perception_driven_ws/build/robot_io/CMakeFiles/CMakeTmp

Run Build Command:"/usr/bin/make" "cmTC_c61bc/fast"
/usr/bin/make -f CMakeFiles/cmTC_c61bc.dir/build.make CMakeFiles/cmTC_c61bc.dir/build
make[1]: Entering directory '/home/jyk/perception_driven_ws/build/robot_io/CMakeFiles/CMakeTmp'
Building C object CMakeFiles/cmTC_c61bc.dir/CheckSymbolExists.c.o
/usr/bin/cc     -o CMakeFiles/cmTC_c61bc.dir/CheckSymbolExists.c.o   -c /home/jyk/perception_driven_ws/build/robot_io/CMakeFiles/CMakeTmp/CheckSymbolExists.c
Linking C executable cmTC_c61bc
/usr/bin/cmake -E cmake_link_script CMakeFiles/cmTC_c61bc.dir/link.txt --verbose=1
/usr/bin/cc       CMakeFiles/cmTC_c61bc.dir/CheckSymbolExists.c.o  -o cmTC_c61bc -rdynamic 
CMakeFiles/cmTC_c61bc.dir/CheckSymbolExists.c.o: In function `main':
CheckSymbolExists.c:(.text+0x16): undefined reference to `pthread_create'
collect2: error: ld returned 1 exit status
CMakeFiles/cmTC_c61bc.dir/build.make:97: recipe for target 'cmTC_c61bc' failed
make[1]: *** [cmTC_c61bc] Error 1
make[1]: Leaving directory '/home/jyk/perception_driven_ws/build/robot_io/CMakeFiles/CMakeTmp'
Makefile:126: recipe for target 'cmTC_c61bc/fast' failed
make: *** [cmTC_c61bc/fast] Error 2

File /home/jyk/perception_driven_ws/build/robot_io/CMakeFiles/CMakeTmp/CheckSymbolExists.c:
/* */
#include <pthread.h>

int main(int argc, char** argv)
{
  (void)argv;
#ifndef pthread_create
  return ((int*)(&pthread_create))[argc];
#else
  (void)argc;
  return 0;
#endif
}

Determining if the function pthread_create exists in the pthreads failed with the following output:
Change Dir: /home/jyk/perception_driven_ws/build/robot_io/CMakeFiles/CMakeTmp

Run Build Command:"/usr/bin/make" "cmTC_69bda/fast"
/usr/bin/make -f CMakeFiles/cmTC_69bda.dir/build.make CMakeFiles/cmTC_69bda.dir/build
make[1]: Entering directory '/home/jyk/perception_driven_ws/build/robot_io/CMakeFiles/CMakeTmp'
Building C object CMakeFiles/cmTC_69bda.dir/CheckFunctionExists.c.o
/usr/bin/cc    -DCHECK_FUNCTION_EXISTS=pthread_create   -o CMakeFiles/cmTC_69bda.dir/CheckFunctionExists.c.o   -c /usr/share/cmake-3.5/Modules/CheckFunctionExists.c
Linking C executable cmTC_69bda
/usr/bin/cmake -E cmake_link_script CMakeFiles/cmTC_69bda.dir/link.txt --verbose=1
/usr/bin/cc   -DCHECK_FUNCTION_EXISTS=pthread_create    CMakeFiles/cmTC_69bda.dir/CheckFunctionExists.c.o  -o cmTC_69bda -rdynamic -lpthreads 
/usr/bin/ld: cannot find -lpthreads
collect2: error: ld returned 1 exit status
CMakeFiles/cmTC_69bda.dir/build.make:97: recipe for target 'cmTC_69bda' failed
make[1]: *** [cmTC_69bda] Error 1
make[1]: Leaving directory '/home/jyk/perception_driven_ws/build/robot_io/CMakeFiles/CMakeTmp'
Makefile:126: recipe for target 'cmTC_69bda/fast' failed
make: *** [cmTC_69bda/fast] Error 2


