Determining if the pthread_create exist failed with the following output:
Change Dir: /home/jyk/perception_driven_ws/build/object_manipulation_msgs/CMakeFiles/CMakeTmp

Run Build Command:"/usr/bin/make" "cmTC_58654/fast"
/usr/bin/make -f CMakeFiles/cmTC_58654.dir/build.make CMakeFiles/cmTC_58654.dir/build
make[1]: Entering directory '/home/jyk/perception_driven_ws/build/object_manipulation_msgs/CMakeFiles/CMakeTmp'
Building C object CMakeFiles/cmTC_58654.dir/CheckSymbolExists.c.o
/usr/bin/cc     -o CMakeFiles/cmTC_58654.dir/CheckSymbolExists.c.o   -c /home/jyk/perception_driven_ws/build/object_manipulation_msgs/CMakeFiles/CMakeTmp/CheckSymbolExists.c
Linking C executable cmTC_58654
/usr/bin/cmake -E cmake_link_script CMakeFiles/cmTC_58654.dir/link.txt --verbose=1
/usr/bin/cc       CMakeFiles/cmTC_58654.dir/CheckSymbolExists.c.o  -o cmTC_58654 -rdynamic 
CMakeFiles/cmTC_58654.dir/CheckSymbolExists.c.o: In function `main':
CheckSymbolExists.c:(.text+0x16): undefined reference to `pthread_create'
collect2: error: ld returned 1 exit status
CMakeFiles/cmTC_58654.dir/build.make:97: recipe for target 'cmTC_58654' failed
make[1]: *** [cmTC_58654] Error 1
make[1]: Leaving directory '/home/jyk/perception_driven_ws/build/object_manipulation_msgs/CMakeFiles/CMakeTmp'
Makefile:126: recipe for target 'cmTC_58654/fast' failed
make: *** [cmTC_58654/fast] Error 2

File /home/jyk/perception_driven_ws/build/object_manipulation_msgs/CMakeFiles/CMakeTmp/CheckSymbolExists.c:
/* */
#include <pthread.h>

int main(int argc, char** argv)
{
  (void)argv;
#ifndef pthread_create
  return ((int*)(&pthread_create))[argc];
#else
  (void)argc;
  return 0;
#endif
}

Determining if the function pthread_create exists in the pthreads failed with the following output:
Change Dir: /home/jyk/perception_driven_ws/build/object_manipulation_msgs/CMakeFiles/CMakeTmp

Run Build Command:"/usr/bin/make" "cmTC_d066f/fast"
/usr/bin/make -f CMakeFiles/cmTC_d066f.dir/build.make CMakeFiles/cmTC_d066f.dir/build
make[1]: Entering directory '/home/jyk/perception_driven_ws/build/object_manipulation_msgs/CMakeFiles/CMakeTmp'
Building C object CMakeFiles/cmTC_d066f.dir/CheckFunctionExists.c.o
/usr/bin/cc    -DCHECK_FUNCTION_EXISTS=pthread_create   -o CMakeFiles/cmTC_d066f.dir/CheckFunctionExists.c.o   -c /usr/share/cmake-3.5/Modules/CheckFunctionExists.c
Linking C executable cmTC_d066f
/usr/bin/cmake -E cmake_link_script CMakeFiles/cmTC_d066f.dir/link.txt --verbose=1
/usr/bin/cc   -DCHECK_FUNCTION_EXISTS=pthread_create    CMakeFiles/cmTC_d066f.dir/CheckFunctionExists.c.o  -o cmTC_d066f -rdynamic -lpthreads 
/usr/bin/ld: cannot find -lpthreads
collect2: error: ld returned 1 exit status
CMakeFiles/cmTC_d066f.dir/build.make:97: recipe for target 'cmTC_d066f' failed
make[1]: *** [cmTC_d066f] Error 1
make[1]: Leaving directory '/home/jyk/perception_driven_ws/build/object_manipulation_msgs/CMakeFiles/CMakeTmp'
Makefile:126: recipe for target 'cmTC_d066f/fast' failed
make: *** [cmTC_d066f/fast] Error 2


