Linked: (/home/jyk/perception_driven_ws/devel/.private/artoolkit/lib/libARMulti.a, /home/jyk/perception_driven_ws/devel/lib/libARMulti.a)
Linked: (/home/jyk/perception_driven_ws/devel/.private/artoolkit/lib/libAR.a, /home/jyk/perception_driven_ws/devel/lib/libAR.a)
Linked: (/home/jyk/perception_driven_ws/devel/.private/artoolkit/lib/libARgsub.a, /home/jyk/perception_driven_ws/devel/lib/libARgsub.a)
Linked: (/home/jyk/perception_driven_ws/devel/.private/artoolkit/lib/libARgsubUtil.a, /home/jyk/perception_driven_ws/devel/lib/libARgsubUtil.a)
Linked: (/home/jyk/perception_driven_ws/devel/.private/artoolkit/lib/libARgsub_lite.a, /home/jyk/perception_driven_ws/devel/lib/libARgsub_lite.a)
Linked: (/home/jyk/perception_driven_ws/devel/.private/artoolkit/lib/libARvideo.a, /home/jyk/perception_driven_ws/devel/lib/libARvideo.a)
Linked: (/home/jyk/perception_driven_ws/devel/.private/artoolkit/lib/pkgconfig/artoolkit.pc, /home/jyk/perception_driven_ws/devel/lib/pkgconfig/artoolkit.pc)
Linked: (/home/jyk/perception_driven_ws/devel/.private/artoolkit/include/artoolkit/AR/gsub.h, /home/jyk/perception_driven_ws/devel/include/artoolkit/AR/gsub.h)
Linked: (/home/jyk/perception_driven_ws/devel/.private/artoolkit/include/artoolkit/AR/video.h, /home/jyk/perception_driven_ws/devel/include/artoolkit/AR/video.h)
Linked: (/home/jyk/perception_driven_ws/devel/.private/artoolkit/include/artoolkit/AR/matrix.h, /home/jyk/perception_driven_ws/devel/include/artoolkit/AR/matrix.h)
Linked: (/home/jyk/perception_driven_ws/devel/.private/artoolkit/include/artoolkit/AR/gsubUtil.h, /home/jyk/perception_driven_ws/devel/include/artoolkit/AR/gsubUtil.h)
Linked: (/home/jyk/perception_driven_ws/devel/.private/artoolkit/include/artoolkit/AR/arvrml.h, /home/jyk/perception_driven_ws/devel/include/artoolkit/AR/arvrml.h)
Linked: (/home/jyk/perception_driven_ws/devel/.private/artoolkit/include/artoolkit/AR/config.h, /home/jyk/perception_driven_ws/devel/include/artoolkit/AR/config.h)
Linked: (/home/jyk/perception_driven_ws/devel/.private/artoolkit/include/artoolkit/AR/param.h, /home/jyk/perception_driven_ws/devel/include/artoolkit/AR/param.h)
Linked: (/home/jyk/perception_driven_ws/devel/.private/artoolkit/include/artoolkit/AR/arMulti.h, /home/jyk/perception_driven_ws/devel/include/artoolkit/AR/arMulti.h)
Linked: (/home/jyk/perception_driven_ws/devel/.private/artoolkit/include/artoolkit/AR/v4l-config.h, /home/jyk/perception_driven_ws/devel/include/artoolkit/AR/v4l-config.h)
Linked: (/home/jyk/perception_driven_ws/devel/.private/artoolkit/include/artoolkit/AR/config.h.in, /home/jyk/perception_driven_ws/devel/include/artoolkit/AR/config.h.in)
Linked: (/home/jyk/perception_driven_ws/devel/.private/artoolkit/include/artoolkit/AR/ar.h, /home/jyk/perception_driven_ws/devel/include/artoolkit/AR/ar.h)
Linked: (/home/jyk/perception_driven_ws/devel/.private/artoolkit/include/artoolkit/AR/gsub_lite.h, /home/jyk/perception_driven_ws/devel/include/artoolkit/AR/gsub_lite.h)
Linked: (/home/jyk/perception_driven_ws/devel/.private/artoolkit/include/artoolkit/AR/sys/videoLinuxDV.h, /home/jyk/perception_driven_ws/devel/include/artoolkit/AR/sys/videoLinuxDV.h)
Linked: (/home/jyk/perception_driven_ws/devel/.private/artoolkit/include/artoolkit/AR/sys/videoMacOSX.h, /home/jyk/perception_driven_ws/devel/include/artoolkit/AR/sys/videoMacOSX.h)
Linked: (/home/jyk/perception_driven_ws/devel/.private/artoolkit/include/artoolkit/AR/sys/videoWin32DirectShow.h, /home/jyk/perception_driven_ws/devel/include/artoolkit/AR/sys/videoWin32DirectShow.h)
Linked: (/home/jyk/perception_driven_ws/devel/.private/artoolkit/include/artoolkit/AR/sys/videoLinuxV4L.h, /home/jyk/perception_driven_ws/devel/include/artoolkit/AR/sys/videoLinuxV4L.h)
Linked: (/home/jyk/perception_driven_ws/devel/.private/artoolkit/include/artoolkit/AR/sys/videoLinux1394Cam.h, /home/jyk/perception_driven_ws/devel/include/artoolkit/AR/sys/videoLinux1394Cam.h)
Linked: (/home/jyk/perception_driven_ws/devel/.private/artoolkit/include/artoolkit/AR/sys/videoSGI.h, /home/jyk/perception_driven_ws/devel/include/artoolkit/AR/sys/videoSGI.h)
Linked: (/home/jyk/perception_driven_ws/devel/.private/artoolkit/include/artoolkit/AR/sys/videoGStreamer.h, /home/jyk/perception_driven_ws/devel/include/artoolkit/AR/sys/videoGStreamer.h)
Linked: (/home/jyk/perception_driven_ws/devel/.private/artoolkit/share/artoolkit/cmake/artoolkitConfig.cmake, /home/jyk/perception_driven_ws/devel/share/artoolkit/cmake/artoolkitConfig.cmake)
Linked: (/home/jyk/perception_driven_ws/devel/.private/artoolkit/share/artoolkit/cmake/artoolkitConfig-version.cmake, /home/jyk/perception_driven_ws/devel/share/artoolkit/cmake/artoolkitConfig-version.cmake)
