[  0%] Built target _object_manipulation_msgs_generate_messages_check_deps_GraspHandPostureExecutionFeedback
[  0%] Built target _object_manipulation_msgs_generate_messages_check_deps_GraspHandPostureExecutionResult
[  0%] Built target _object_manipulation_msgs_generate_messages_check_deps_ManipulationResult
[  0%] Built target _object_manipulation_msgs_generate_messages_check_deps_GraspHandPostureExecutionActionFeedback
[  0%] Built target _object_manipulation_msgs_generate_messages_check_deps_GraspHandPostureExecutionAction
[  0%] Built target manipulation_msgs_generate_messages_py
[  0%] Built target shape_msgs_generate_messages_py
[  0%] Built target actionlib_msgs_generate_messages_py
[  0%] Built target std_msgs_generate_messages_py
[  0%] Built target trajectory_msgs_generate_messages_py
[  0%] Built target geometry_msgs_generate_messages_py
[  0%] Built target _object_manipulation_msgs_generate_messages_check_deps_GraspHandPostureExecutionGoal
[  0%] Built target _object_manipulation_msgs_generate_messages_check_deps_GraspHandPostureExecutionActionGoal
[  0%] Built target _object_manipulation_msgs_generate_messages_check_deps_GraspHandPostureExecutionActionResult
[  0%] Built target sensor_msgs_generate_messages_py
[  0%] Built target geometry_msgs_generate_messages_nodejs
[  0%] Built target actionlib_msgs_generate_messages_nodejs
[  0%] Built target std_msgs_generate_messages_nodejs
[  0%] Built target sensor_msgs_generate_messages_nodejs
[  0%] Built target trajectory_msgs_generate_messages_nodejs
[  0%] Built target manipulation_msgs_generate_messages_nodejs
[  0%] Built target shape_msgs_generate_messages_nodejs
[  0%] Built target shape_msgs_generate_messages_lisp
[  0%] Built target geometry_msgs_generate_messages_lisp
[  0%] Built target std_msgs_generate_messages_lisp
[  0%] Built target actionlib_msgs_generate_messages_lisp
[  0%] Built target sensor_msgs_generate_messages_lisp
[  0%] Built target manipulation_msgs_generate_messages_lisp
[  0%] Built target trajectory_msgs_generate_messages_lisp
[  0%] Built target manipulation_msgs_generate_messages_cpp
[  0%] Built target sensor_msgs_generate_messages_cpp
[  0%] Built target shape_msgs_generate_messages_cpp
[  0%] Built target actionlib_msgs_generate_messages_cpp
[  0%] Built target std_msgs_generate_messages_cpp
[  0%] Built target geometry_msgs_generate_messages_cpp
[  0%] Built target trajectory_msgs_generate_messages_cpp
[  0%] Built target geometry_msgs_generate_messages_eus
[  0%] Built target manipulation_msgs_generate_messages_eus
[  0%] Built target std_msgs_generate_messages_eus
[  0%] Built target trajectory_msgs_generate_messages_eus
[  0%] Built target sensor_msgs_generate_messages_eus
[  0%] Built target actionlib_msgs_generate_messages_eus
[  0%] Built target shape_msgs_generate_messages_eus
[ 21%] Built target object_manipulation_msgs_generate_messages_py
[ 40%] Built target object_manipulation_msgs_generate_messages_nodejs
[ 59%] Built target object_manipulation_msgs_generate_messages_lisp
[ 78%] Built target object_manipulation_msgs_generate_messages_cpp
[100%] Built target object_manipulation_msgs_generate_messages_eus
[100%] Built target object_manipulation_msgs_generate_messages
