Linked: (/home/jyk/perception_driven_ws/devel/.private/object_manipulation_msgs/lib/python2.7/dist-packages/object_manipulation_msgs/__init__.py, /home/jyk/perception_driven_ws/devel/lib/python2.7/dist-packages/object_manipulation_msgs/__init__.py)
Linked: (/home/jyk/perception_driven_ws/devel/.private/object_manipulation_msgs/lib/python2.7/dist-packages/object_manipulation_msgs/msg/_GraspHandPostureExecutionGoal.py, /home/jyk/perception_driven_ws/devel/lib/python2.7/dist-packages/object_manipulation_msgs/msg/_GraspHandPostureExecutionGoal.py)
Linked: (/home/jyk/perception_driven_ws/devel/.private/object_manipulation_msgs/lib/python2.7/dist-packages/object_manipulation_msgs/msg/__init__.py, /home/jyk/perception_driven_ws/devel/lib/python2.7/dist-packages/object_manipulation_msgs/msg/__init__.py)
Linked: (/home/jyk/perception_driven_ws/devel/.private/object_manipulation_msgs/lib/python2.7/dist-packages/object_manipulation_msgs/msg/_ManipulationResult.py, /home/jyk/perception_driven_ws/devel/lib/python2.7/dist-packages/object_manipulation_msgs/msg/_ManipulationResult.py)
Linked: (/home/jyk/perception_driven_ws/devel/.private/object_manipulation_msgs/lib/python2.7/dist-packages/object_manipulation_msgs/msg/_GraspHandPostureExecutionActionGoal.py, /home/jyk/perception_driven_ws/devel/lib/python2.7/dist-packages/object_manipulation_msgs/msg/_GraspHandPostureExecutionActionGoal.py)
Linked: (/home/jyk/perception_driven_ws/devel/.private/object_manipulation_msgs/lib/python2.7/dist-packages/object_manipulation_msgs/msg/_GraspHandPostureExecutionActionResult.py, /home/jyk/perception_driven_ws/devel/lib/python2.7/dist-packages/object_manipulation_msgs/msg/_GraspHandPostureExecutionActionResult.py)
Linked: (/home/jyk/perception_driven_ws/devel/.private/object_manipulation_msgs/lib/python2.7/dist-packages/object_manipulation_msgs/msg/_GraspHandPostureExecutionFeedback.py, /home/jyk/perception_driven_ws/devel/lib/python2.7/dist-packages/object_manipulation_msgs/msg/_GraspHandPostureExecutionFeedback.py)
Linked: (/home/jyk/perception_driven_ws/devel/.private/object_manipulation_msgs/lib/python2.7/dist-packages/object_manipulation_msgs/msg/_GraspHandPostureExecutionAction.py, /home/jyk/perception_driven_ws/devel/lib/python2.7/dist-packages/object_manipulation_msgs/msg/_GraspHandPostureExecutionAction.py)
Linked: (/home/jyk/perception_driven_ws/devel/.private/object_manipulation_msgs/lib/python2.7/dist-packages/object_manipulation_msgs/msg/_GraspHandPostureExecutionActionFeedback.py, /home/jyk/perception_driven_ws/devel/lib/python2.7/dist-packages/object_manipulation_msgs/msg/_GraspHandPostureExecutionActionFeedback.py)
Linked: (/home/jyk/perception_driven_ws/devel/.private/object_manipulation_msgs/lib/python2.7/dist-packages/object_manipulation_msgs/msg/_GraspHandPostureExecutionResult.py, /home/jyk/perception_driven_ws/devel/lib/python2.7/dist-packages/object_manipulation_msgs/msg/_GraspHandPostureExecutionResult.py)
Linked: (/home/jyk/perception_driven_ws/devel/.private/object_manipulation_msgs/lib/pkgconfig/object_manipulation_msgs.pc, /home/jyk/perception_driven_ws/devel/lib/pkgconfig/object_manipulation_msgs.pc)
Linked: (/home/jyk/perception_driven_ws/devel/.private/object_manipulation_msgs/include/object_manipulation_msgs/GraspHandPostureExecutionAction.h, /home/jyk/perception_driven_ws/devel/include/object_manipulation_msgs/GraspHandPostureExecutionAction.h)
Linked: (/home/jyk/perception_driven_ws/devel/.private/object_manipulation_msgs/include/object_manipulation_msgs/GraspHandPostureExecutionGoal.h, /home/jyk/perception_driven_ws/devel/include/object_manipulation_msgs/GraspHandPostureExecutionGoal.h)
Linked: (/home/jyk/perception_driven_ws/devel/.private/object_manipulation_msgs/include/object_manipulation_msgs/GraspHandPostureExecutionFeedback.h, /home/jyk/perception_driven_ws/devel/include/object_manipulation_msgs/GraspHandPostureExecutionFeedback.h)
Linked: (/home/jyk/perception_driven_ws/devel/.private/object_manipulation_msgs/include/object_manipulation_msgs/ManipulationResult.h, /home/jyk/perception_driven_ws/devel/include/object_manipulation_msgs/ManipulationResult.h)
Linked: (/home/jyk/perception_driven_ws/devel/.private/object_manipulation_msgs/include/object_manipulation_msgs/GraspHandPostureExecutionActionGoal.h, /home/jyk/perception_driven_ws/devel/include/object_manipulation_msgs/GraspHandPostureExecutionActionGoal.h)
Linked: (/home/jyk/perception_driven_ws/devel/.private/object_manipulation_msgs/include/object_manipulation_msgs/GraspHandPostureExecutionResult.h, /home/jyk/perception_driven_ws/devel/include/object_manipulation_msgs/GraspHandPostureExecutionResult.h)
Linked: (/home/jyk/perception_driven_ws/devel/.private/object_manipulation_msgs/include/object_manipulation_msgs/GraspHandPostureExecutionActionFeedback.h, /home/jyk/perception_driven_ws/devel/include/object_manipulation_msgs/GraspHandPostureExecutionActionFeedback.h)
Linked: (/home/jyk/perception_driven_ws/devel/.private/object_manipulation_msgs/include/object_manipulation_msgs/GraspHandPostureExecutionActionResult.h, /home/jyk/perception_driven_ws/devel/include/object_manipulation_msgs/GraspHandPostureExecutionActionResult.h)
Linked: (/home/jyk/perception_driven_ws/devel/.private/object_manipulation_msgs/share/gennodejs/ros/object_manipulation_msgs/_index.js, /home/jyk/perception_driven_ws/devel/share/gennodejs/ros/object_manipulation_msgs/_index.js)
Linked: (/home/jyk/perception_driven_ws/devel/.private/object_manipulation_msgs/share/gennodejs/ros/object_manipulation_msgs/msg/GraspHandPostureExecutionResult.js, /home/jyk/perception_driven_ws/devel/share/gennodejs/ros/object_manipulation_msgs/msg/GraspHandPostureExecutionResult.js)
Linked: (/home/jyk/perception_driven_ws/devel/.private/object_manipulation_msgs/share/gennodejs/ros/object_manipulation_msgs/msg/GraspHandPostureExecutionActionGoal.js, /home/jyk/perception_driven_ws/devel/share/gennodejs/ros/object_manipulation_msgs/msg/GraspHandPostureExecutionActionGoal.js)
Linked: (/home/jyk/perception_driven_ws/devel/.private/object_manipulation_msgs/share/gennodejs/ros/object_manipulation_msgs/msg/GraspHandPostureExecutionActionFeedback.js, /home/jyk/perception_driven_ws/devel/share/gennodejs/ros/object_manipulation_msgs/msg/GraspHandPostureExecutionActionFeedback.js)
Linked: (/home/jyk/perception_driven_ws/devel/.private/object_manipulation_msgs/share/gennodejs/ros/object_manipulation_msgs/msg/GraspHandPostureExecutionActionResult.js, /home/jyk/perception_driven_ws/devel/share/gennodejs/ros/object_manipulation_msgs/msg/GraspHandPostureExecutionActionResult.js)
Linked: (/home/jyk/perception_driven_ws/devel/.private/object_manipulation_msgs/share/gennodejs/ros/object_manipulation_msgs/msg/ManipulationResult.js, /home/jyk/perception_driven_ws/devel/share/gennodejs/ros/object_manipulation_msgs/msg/ManipulationResult.js)
Linked: (/home/jyk/perception_driven_ws/devel/.private/object_manipulation_msgs/share/gennodejs/ros/object_manipulation_msgs/msg/GraspHandPostureExecutionFeedback.js, /home/jyk/perception_driven_ws/devel/share/gennodejs/ros/object_manipulation_msgs/msg/GraspHandPostureExecutionFeedback.js)
Linked: (/home/jyk/perception_driven_ws/devel/.private/object_manipulation_msgs/share/gennodejs/ros/object_manipulation_msgs/msg/GraspHandPostureExecutionGoal.js, /home/jyk/perception_driven_ws/devel/share/gennodejs/ros/object_manipulation_msgs/msg/GraspHandPostureExecutionGoal.js)
Linked: (/home/jyk/perception_driven_ws/devel/.private/object_manipulation_msgs/share/gennodejs/ros/object_manipulation_msgs/msg/_index.js, /home/jyk/perception_driven_ws/devel/share/gennodejs/ros/object_manipulation_msgs/msg/_index.js)
Linked: (/home/jyk/perception_driven_ws/devel/.private/object_manipulation_msgs/share/gennodejs/ros/object_manipulation_msgs/msg/GraspHandPostureExecutionAction.js, /home/jyk/perception_driven_ws/devel/share/gennodejs/ros/object_manipulation_msgs/msg/GraspHandPostureExecutionAction.js)
Linked: (/home/jyk/perception_driven_ws/devel/.private/object_manipulation_msgs/share/common-lisp/ros/object_manipulation_msgs/msg/_package_GraspHandPostureExecutionAction.lisp, /home/jyk/perception_driven_ws/devel/share/common-lisp/ros/object_manipulation_msgs/msg/_package_GraspHandPostureExecutionAction.lisp)
Linked: (/home/jyk/perception_driven_ws/devel/.private/object_manipulation_msgs/share/common-lisp/ros/object_manipulation_msgs/msg/GraspHandPostureExecutionGoal.lisp, /home/jyk/perception_driven_ws/devel/share/common-lisp/ros/object_manipulation_msgs/msg/GraspHandPostureExecutionGoal.lisp)
Linked: (/home/jyk/perception_driven_ws/devel/.private/object_manipulation_msgs/share/common-lisp/ros/object_manipulation_msgs/msg/_package_ManipulationResult.lisp, /home/jyk/perception_driven_ws/devel/share/common-lisp/ros/object_manipulation_msgs/msg/_package_ManipulationResult.lisp)
Linked: (/home/jyk/perception_driven_ws/devel/.private/object_manipulation_msgs/share/common-lisp/ros/object_manipulation_msgs/msg/ManipulationResult.lisp, /home/jyk/perception_driven_ws/devel/share/common-lisp/ros/object_manipulation_msgs/msg/ManipulationResult.lisp)
Linked: (/home/jyk/perception_driven_ws/devel/.private/object_manipulation_msgs/share/common-lisp/ros/object_manipulation_msgs/msg/_package.lisp, /home/jyk/perception_driven_ws/devel/share/common-lisp/ros/object_manipulation_msgs/msg/_package.lisp)
Linked: (/home/jyk/perception_driven_ws/devel/.private/object_manipulation_msgs/share/common-lisp/ros/object_manipulation_msgs/msg/_package_GraspHandPostureExecutionGoal.lisp, /home/jyk/perception_driven_ws/devel/share/common-lisp/ros/object_manipulation_msgs/msg/_package_GraspHandPostureExecutionGoal.lisp)
Linked: (/home/jyk/perception_driven_ws/devel/.private/object_manipulation_msgs/share/common-lisp/ros/object_manipulation_msgs/msg/GraspHandPostureExecutionActionFeedback.lisp, /home/jyk/perception_driven_ws/devel/share/common-lisp/ros/object_manipulation_msgs/msg/GraspHandPostureExecutionActionFeedback.lisp)
Linked: (/home/jyk/perception_driven_ws/devel/.private/object_manipulation_msgs/share/common-lisp/ros/object_manipulation_msgs/msg/GraspHandPostureExecutionAction.lisp, /home/jyk/perception_driven_ws/devel/share/common-lisp/ros/object_manipulation_msgs/msg/GraspHandPostureExecutionAction.lisp)
Linked: (/home/jyk/perception_driven_ws/devel/.private/object_manipulation_msgs/share/common-lisp/ros/object_manipulation_msgs/msg/GraspHandPostureExecutionResult.lisp, /home/jyk/perception_driven_ws/devel/share/common-lisp/ros/object_manipulation_msgs/msg/GraspHandPostureExecutionResult.lisp)
Linked: (/home/jyk/perception_driven_ws/devel/.private/object_manipulation_msgs/share/common-lisp/ros/object_manipulation_msgs/msg/GraspHandPostureExecutionActionResult.lisp, /home/jyk/perception_driven_ws/devel/share/common-lisp/ros/object_manipulation_msgs/msg/GraspHandPostureExecutionActionResult.lisp)
Linked: (/home/jyk/perception_driven_ws/devel/.private/object_manipulation_msgs/share/common-lisp/ros/object_manipulation_msgs/msg/_package_GraspHandPostureExecutionActionGoal.lisp, /home/jyk/perception_driven_ws/devel/share/common-lisp/ros/object_manipulation_msgs/msg/_package_GraspHandPostureExecutionActionGoal.lisp)
Linked: (/home/jyk/perception_driven_ws/devel/.private/object_manipulation_msgs/share/common-lisp/ros/object_manipulation_msgs/msg/GraspHandPostureExecutionFeedback.lisp, /home/jyk/perception_driven_ws/devel/share/common-lisp/ros/object_manipulation_msgs/msg/GraspHandPostureExecutionFeedback.lisp)
Linked: (/home/jyk/perception_driven_ws/devel/.private/object_manipulation_msgs/share/common-lisp/ros/object_manipulation_msgs/msg/GraspHandPostureExecutionActionGoal.lisp, /home/jyk/perception_driven_ws/devel/share/common-lisp/ros/object_manipulation_msgs/msg/GraspHandPostureExecutionActionGoal.lisp)
Linked: (/home/jyk/perception_driven_ws/devel/.private/object_manipulation_msgs/share/common-lisp/ros/object_manipulation_msgs/msg/_package_GraspHandPostureExecutionActionResult.lisp, /home/jyk/perception_driven_ws/devel/share/common-lisp/ros/object_manipulation_msgs/msg/_package_GraspHandPostureExecutionActionResult.lisp)
Linked: (/home/jyk/perception_driven_ws/devel/.private/object_manipulation_msgs/share/common-lisp/ros/object_manipulation_msgs/msg/_package_GraspHandPostureExecutionFeedback.lisp, /home/jyk/perception_driven_ws/devel/share/common-lisp/ros/object_manipulation_msgs/msg/_package_GraspHandPostureExecutionFeedback.lisp)
Linked: (/home/jyk/perception_driven_ws/devel/.private/object_manipulation_msgs/share/common-lisp/ros/object_manipulation_msgs/msg/_package_GraspHandPostureExecutionResult.lisp, /home/jyk/perception_driven_ws/devel/share/common-lisp/ros/object_manipulation_msgs/msg/_package_GraspHandPostureExecutionResult.lisp)
Linked: (/home/jyk/perception_driven_ws/devel/.private/object_manipulation_msgs/share/common-lisp/ros/object_manipulation_msgs/msg/object_manipulation_msgs-msg.asd, /home/jyk/perception_driven_ws/devel/share/common-lisp/ros/object_manipulation_msgs/msg/object_manipulation_msgs-msg.asd)
Linked: (/home/jyk/perception_driven_ws/devel/.private/object_manipulation_msgs/share/common-lisp/ros/object_manipulation_msgs/msg/_package_GraspHandPostureExecutionActionFeedback.lisp, /home/jyk/perception_driven_ws/devel/share/common-lisp/ros/object_manipulation_msgs/msg/_package_GraspHandPostureExecutionActionFeedback.lisp)
Linked: (/home/jyk/perception_driven_ws/devel/.private/object_manipulation_msgs/share/object_manipulation_msgs/msg/GraspHandPostureExecutionResult.msg, /home/jyk/perception_driven_ws/devel/share/object_manipulation_msgs/msg/GraspHandPostureExecutionResult.msg)
Linked: (/home/jyk/perception_driven_ws/devel/.private/object_manipulation_msgs/share/object_manipulation_msgs/msg/GraspHandPostureExecutionActionFeedback.msg, /home/jyk/perception_driven_ws/devel/share/object_manipulation_msgs/msg/GraspHandPostureExecutionActionFeedback.msg)
Linked: (/home/jyk/perception_driven_ws/devel/.private/object_manipulation_msgs/share/object_manipulation_msgs/msg/GraspHandPostureExecutionActionResult.msg, /home/jyk/perception_driven_ws/devel/share/object_manipulation_msgs/msg/GraspHandPostureExecutionActionResult.msg)
Linked: (/home/jyk/perception_driven_ws/devel/.private/object_manipulation_msgs/share/object_manipulation_msgs/msg/GraspHandPostureExecutionActionGoal.msg, /home/jyk/perception_driven_ws/devel/share/object_manipulation_msgs/msg/GraspHandPostureExecutionActionGoal.msg)
Linked: (/home/jyk/perception_driven_ws/devel/.private/object_manipulation_msgs/share/object_manipulation_msgs/msg/GraspHandPostureExecutionGoal.msg, /home/jyk/perception_driven_ws/devel/share/object_manipulation_msgs/msg/GraspHandPostureExecutionGoal.msg)
Linked: (/home/jyk/perception_driven_ws/devel/.private/object_manipulation_msgs/share/object_manipulation_msgs/msg/GraspHandPostureExecutionFeedback.msg, /home/jyk/perception_driven_ws/devel/share/object_manipulation_msgs/msg/GraspHandPostureExecutionFeedback.msg)
Linked: (/home/jyk/perception_driven_ws/devel/.private/object_manipulation_msgs/share/object_manipulation_msgs/msg/GraspHandPostureExecutionAction.msg, /home/jyk/perception_driven_ws/devel/share/object_manipulation_msgs/msg/GraspHandPostureExecutionAction.msg)
Linked: (/home/jyk/perception_driven_ws/devel/.private/object_manipulation_msgs/share/object_manipulation_msgs/cmake/object_manipulation_msgsConfig.cmake, /home/jyk/perception_driven_ws/devel/share/object_manipulation_msgs/cmake/object_manipulation_msgsConfig.cmake)
Linked: (/home/jyk/perception_driven_ws/devel/.private/object_manipulation_msgs/share/object_manipulation_msgs/cmake/object_manipulation_msgs-msg-extras.cmake, /home/jyk/perception_driven_ws/devel/share/object_manipulation_msgs/cmake/object_manipulation_msgs-msg-extras.cmake)
Linked: (/home/jyk/perception_driven_ws/devel/.private/object_manipulation_msgs/share/object_manipulation_msgs/cmake/object_manipulation_msgs-msg-paths.cmake, /home/jyk/perception_driven_ws/devel/share/object_manipulation_msgs/cmake/object_manipulation_msgs-msg-paths.cmake)
Linked: (/home/jyk/perception_driven_ws/devel/.private/object_manipulation_msgs/share/object_manipulation_msgs/cmake/object_manipulation_msgsConfig-version.cmake, /home/jyk/perception_driven_ws/devel/share/object_manipulation_msgs/cmake/object_manipulation_msgsConfig-version.cmake)
Linked: (/home/jyk/perception_driven_ws/devel/.private/object_manipulation_msgs/share/roseus/ros/object_manipulation_msgs/manifest.l, /home/jyk/perception_driven_ws/devel/share/roseus/ros/object_manipulation_msgs/manifest.l)
Linked: (/home/jyk/perception_driven_ws/devel/.private/object_manipulation_msgs/share/roseus/ros/object_manipulation_msgs/msg/GraspHandPostureExecutionGoal.l, /home/jyk/perception_driven_ws/devel/share/roseus/ros/object_manipulation_msgs/msg/GraspHandPostureExecutionGoal.l)
Linked: (/home/jyk/perception_driven_ws/devel/.private/object_manipulation_msgs/share/roseus/ros/object_manipulation_msgs/msg/GraspHandPostureExecutionAction.l, /home/jyk/perception_driven_ws/devel/share/roseus/ros/object_manipulation_msgs/msg/GraspHandPostureExecutionAction.l)
Linked: (/home/jyk/perception_driven_ws/devel/.private/object_manipulation_msgs/share/roseus/ros/object_manipulation_msgs/msg/ManipulationResult.l, /home/jyk/perception_driven_ws/devel/share/roseus/ros/object_manipulation_msgs/msg/ManipulationResult.l)
Linked: (/home/jyk/perception_driven_ws/devel/.private/object_manipulation_msgs/share/roseus/ros/object_manipulation_msgs/msg/GraspHandPostureExecutionActionFeedback.l, /home/jyk/perception_driven_ws/devel/share/roseus/ros/object_manipulation_msgs/msg/GraspHandPostureExecutionActionFeedback.l)
Linked: (/home/jyk/perception_driven_ws/devel/.private/object_manipulation_msgs/share/roseus/ros/object_manipulation_msgs/msg/GraspHandPostureExecutionFeedback.l, /home/jyk/perception_driven_ws/devel/share/roseus/ros/object_manipulation_msgs/msg/GraspHandPostureExecutionFeedback.l)
Linked: (/home/jyk/perception_driven_ws/devel/.private/object_manipulation_msgs/share/roseus/ros/object_manipulation_msgs/msg/GraspHandPostureExecutionActionResult.l, /home/jyk/perception_driven_ws/devel/share/roseus/ros/object_manipulation_msgs/msg/GraspHandPostureExecutionActionResult.l)
Linked: (/home/jyk/perception_driven_ws/devel/.private/object_manipulation_msgs/share/roseus/ros/object_manipulation_msgs/msg/GraspHandPostureExecutionResult.l, /home/jyk/perception_driven_ws/devel/share/roseus/ros/object_manipulation_msgs/msg/GraspHandPostureExecutionResult.l)
Linked: (/home/jyk/perception_driven_ws/devel/.private/object_manipulation_msgs/share/roseus/ros/object_manipulation_msgs/msg/GraspHandPostureExecutionActionGoal.l, /home/jyk/perception_driven_ws/devel/share/roseus/ros/object_manipulation_msgs/msg/GraspHandPostureExecutionActionGoal.l)
