Linked: (/home/jyk/perception_driven_ws/devel/.private/collision_avoidance_pick_and_place/lib/python2.7/dist-packages/collision_avoidance_pick_and_place/__init__.py, /home/jyk/perception_driven_ws/devel/lib/python2.7/dist-packages/collision_avoidance_pick_and_place/__init__.py)
Linked: (/home/jyk/perception_driven_ws/devel/.private/collision_avoidance_pick_and_place/lib/python2.7/dist-packages/collision_avoidance_pick_and_place/srv/__init__.py, /home/jyk/perception_driven_ws/devel/lib/python2.7/dist-packages/collision_avoidance_pick_and_place/srv/__init__.py)
Linked: (/home/jyk/perception_driven_ws/devel/.private/collision_avoidance_pick_and_place/lib/python2.7/dist-packages/collision_avoidance_pick_and_place/srv/_GetTargetPose.py, /home/jyk/perception_driven_ws/devel/lib/python2.7/dist-packages/collision_avoidance_pick_and_place/srv/_GetTargetPose.py)
Linked: (/home/jyk/perception_driven_ws/devel/.private/collision_avoidance_pick_and_place/lib/pkgconfig/collision_avoidance_pick_and_place.pc, /home/jyk/perception_driven_ws/devel/lib/pkgconfig/collision_avoidance_pick_and_place.pc)
Linked: (/home/jyk/perception_driven_ws/devel/.private/collision_avoidance_pick_and_place/lib/collision_avoidance_pick_and_place/pick_and_place_node, /home/jyk/perception_driven_ws/devel/lib/collision_avoidance_pick_and_place/pick_and_place_node)
Linked: (/home/jyk/perception_driven_ws/devel/.private/collision_avoidance_pick_and_place/lib/collision_avoidance_pick_and_place/target_recognition_service, /home/jyk/perception_driven_ws/devel/lib/collision_avoidance_pick_and_place/target_recognition_service)
Linked: (/home/jyk/perception_driven_ws/devel/.private/collision_avoidance_pick_and_place/lib/collision_avoidance_pick_and_place/generate_cloud_node, /home/jyk/perception_driven_ws/devel/lib/collision_avoidance_pick_and_place/generate_cloud_node)
Linked: (/home/jyk/perception_driven_ws/devel/.private/collision_avoidance_pick_and_place/include/collision_avoidance_pick_and_place/GetTargetPoseResponse.h, /home/jyk/perception_driven_ws/devel/include/collision_avoidance_pick_and_place/GetTargetPoseResponse.h)
Linked: (/home/jyk/perception_driven_ws/devel/.private/collision_avoidance_pick_and_place/include/collision_avoidance_pick_and_place/GetTargetPose.h, /home/jyk/perception_driven_ws/devel/include/collision_avoidance_pick_and_place/GetTargetPose.h)
Linked: (/home/jyk/perception_driven_ws/devel/.private/collision_avoidance_pick_and_place/include/collision_avoidance_pick_and_place/GetTargetPoseRequest.h, /home/jyk/perception_driven_ws/devel/include/collision_avoidance_pick_and_place/GetTargetPoseRequest.h)
Linked: (/home/jyk/perception_driven_ws/devel/.private/collision_avoidance_pick_and_place/share/gennodejs/ros/collision_avoidance_pick_and_place/_index.js, /home/jyk/perception_driven_ws/devel/share/gennodejs/ros/collision_avoidance_pick_and_place/_index.js)
Linked: (/home/jyk/perception_driven_ws/devel/.private/collision_avoidance_pick_and_place/share/gennodejs/ros/collision_avoidance_pick_and_place/srv/GetTargetPose.js, /home/jyk/perception_driven_ws/devel/share/gennodejs/ros/collision_avoidance_pick_and_place/srv/GetTargetPose.js)
Linked: (/home/jyk/perception_driven_ws/devel/.private/collision_avoidance_pick_and_place/share/gennodejs/ros/collision_avoidance_pick_and_place/srv/_index.js, /home/jyk/perception_driven_ws/devel/share/gennodejs/ros/collision_avoidance_pick_and_place/srv/_index.js)
Linked: (/home/jyk/perception_driven_ws/devel/.private/collision_avoidance_pick_and_place/share/common-lisp/ros/collision_avoidance_pick_and_place/srv/_package.lisp, /home/jyk/perception_driven_ws/devel/share/common-lisp/ros/collision_avoidance_pick_and_place/srv/_package.lisp)
Linked: (/home/jyk/perception_driven_ws/devel/.private/collision_avoidance_pick_and_place/share/common-lisp/ros/collision_avoidance_pick_and_place/srv/collision_avoidance_pick_and_place-srv.asd, /home/jyk/perception_driven_ws/devel/share/common-lisp/ros/collision_avoidance_pick_and_place/srv/collision_avoidance_pick_and_place-srv.asd)
Linked: (/home/jyk/perception_driven_ws/devel/.private/collision_avoidance_pick_and_place/share/common-lisp/ros/collision_avoidance_pick_and_place/srv/_package_GetTargetPose.lisp, /home/jyk/perception_driven_ws/devel/share/common-lisp/ros/collision_avoidance_pick_and_place/srv/_package_GetTargetPose.lisp)
Linked: (/home/jyk/perception_driven_ws/devel/.private/collision_avoidance_pick_and_place/share/common-lisp/ros/collision_avoidance_pick_and_place/srv/GetTargetPose.lisp, /home/jyk/perception_driven_ws/devel/share/common-lisp/ros/collision_avoidance_pick_and_place/srv/GetTargetPose.lisp)
Linked: (/home/jyk/perception_driven_ws/devel/.private/collision_avoidance_pick_and_place/share/roseus/ros/collision_avoidance_pick_and_place/manifest.l, /home/jyk/perception_driven_ws/devel/share/roseus/ros/collision_avoidance_pick_and_place/manifest.l)
Linked: (/home/jyk/perception_driven_ws/devel/.private/collision_avoidance_pick_and_place/share/roseus/ros/collision_avoidance_pick_and_place/srv/GetTargetPose.l, /home/jyk/perception_driven_ws/devel/share/roseus/ros/collision_avoidance_pick_and_place/srv/GetTargetPose.l)
Linked: (/home/jyk/perception_driven_ws/devel/.private/collision_avoidance_pick_and_place/share/collision_avoidance_pick_and_place/cmake/collision_avoidance_pick_and_placeConfig.cmake, /home/jyk/perception_driven_ws/devel/share/collision_avoidance_pick_and_place/cmake/collision_avoidance_pick_and_placeConfig.cmake)
Linked: (/home/jyk/perception_driven_ws/devel/.private/collision_avoidance_pick_and_place/share/collision_avoidance_pick_and_place/cmake/collision_avoidance_pick_and_placeConfig-version.cmake, /home/jyk/perception_driven_ws/devel/share/collision_avoidance_pick_and_place/cmake/collision_avoidance_pick_and_placeConfig-version.cmake)
Linked: (/home/jyk/perception_driven_ws/devel/.private/collision_avoidance_pick_and_place/share/collision_avoidance_pick_and_place/cmake/collision_avoidance_pick_and_place-msg-extras.cmake, /home/jyk/perception_driven_ws/devel/share/collision_avoidance_pick_and_place/cmake/collision_avoidance_pick_and_place-msg-extras.cmake)
Linked: (/home/jyk/perception_driven_ws/devel/.private/collision_avoidance_pick_and_place/share/collision_avoidance_pick_and_place/cmake/collision_avoidance_pick_and_place-msg-paths.cmake, /home/jyk/perception_driven_ws/devel/share/collision_avoidance_pick_and_place/cmake/collision_avoidance_pick_and_place-msg-paths.cmake)
