Not searching for unused variables given on the command line.
-- Using CATKIN_DEVEL_PREFIX: /home/jyk/perception_driven_ws/devel/.private/collision_avoidance_pick_and_place
-- Using CMAKE_PREFIX_PATH: /home/jyk/perception_driven_ws/devel;/opt/ros/kinetic
-- This workspace overlays: /home/jyk/perception_driven_ws/devel;/opt/ros/kinetic
-- Using PYTHON_EXECUTABLE: /usr/bin/python
-- Using Debian Python package layout
-- Using empy: /usr/bin/empy
-- Using CATKIN_ENABLE_TESTING: ON
-- Call enable_testing()
-- Using CATKIN_TEST_RESULTS_DIR: /home/jyk/perception_driven_ws/build/collision_avoidance_pick_and_place/test_results
-- Found gmock sources under '/usr/src/gmock': gmock will be built
-- Found gtest sources under '/usr/src/gmock': gtests will be built
-- Using Python nosetests: /usr/bin/nosetests-2.7
-- catkin 0.7.14
-- Using these message generators: gencpp;geneus;genlisp;gennodejs;genpy
-- simple_message: work around for #46
-- industrial_robot_client: work around for #46
-- collision_avoidance_pick_and_place: 0 messages, 1 services
-- Configuring done
-- Generating done
-- Build files have been written to: /home/jyk/perception_driven_ws/build/collision_avoidance_pick_and_place
