Linked: (/home/jyk/perception_driven_ws/devel/.private/robot_io/lib/python2.7/dist-packages/robot_io/__init__.py, /home/jyk/perception_driven_ws/devel/lib/python2.7/dist-packages/robot_io/__init__.py)
Linked: (/home/jyk/perception_driven_ws/devel/.private/robot_io/lib/python2.7/dist-packages/robot_io/srv/__init__.py, /home/jyk/perception_driven_ws/devel/lib/python2.7/dist-packages/robot_io/srv/__init__.py)
Linked: (/home/jyk/perception_driven_ws/devel/.private/robot_io/lib/python2.7/dist-packages/robot_io/srv/_DigitalOutputUpdate.py, /home/jyk/perception_driven_ws/devel/lib/python2.7/dist-packages/robot_io/srv/_DigitalOutputUpdate.py)
Linked: (/home/jyk/perception_driven_ws/devel/.private/robot_io/lib/robot_io/simulated_grasp_action_server, /home/jyk/perception_driven_ws/devel/lib/robot_io/simulated_grasp_action_server)
Linked: (/home/jyk/perception_driven_ws/devel/.private/robot_io/lib/robot_io/suction_gripper_action_server, /home/jyk/perception_driven_ws/devel/lib/robot_io/suction_gripper_action_server)
Linked: (/home/jyk/perception_driven_ws/devel/.private/robot_io/lib/pkgconfig/robot_io.pc, /home/jyk/perception_driven_ws/devel/lib/pkgconfig/robot_io.pc)
Linked: (/home/jyk/perception_driven_ws/devel/.private/robot_io/include/robot_io/DigitalOutputUpdateResponse.h, /home/jyk/perception_driven_ws/devel/include/robot_io/DigitalOutputUpdateResponse.h)
Linked: (/home/jyk/perception_driven_ws/devel/.private/robot_io/include/robot_io/DigitalOutputUpdate.h, /home/jyk/perception_driven_ws/devel/include/robot_io/DigitalOutputUpdate.h)
Linked: (/home/jyk/perception_driven_ws/devel/.private/robot_io/include/robot_io/DigitalOutputUpdateRequest.h, /home/jyk/perception_driven_ws/devel/include/robot_io/DigitalOutputUpdateRequest.h)
Linked: (/home/jyk/perception_driven_ws/devel/.private/robot_io/share/gennodejs/ros/robot_io/_index.js, /home/jyk/perception_driven_ws/devel/share/gennodejs/ros/robot_io/_index.js)
Linked: (/home/jyk/perception_driven_ws/devel/.private/robot_io/share/gennodejs/ros/robot_io/srv/DigitalOutputUpdate.js, /home/jyk/perception_driven_ws/devel/share/gennodejs/ros/robot_io/srv/DigitalOutputUpdate.js)
Linked: (/home/jyk/perception_driven_ws/devel/.private/robot_io/share/gennodejs/ros/robot_io/srv/_index.js, /home/jyk/perception_driven_ws/devel/share/gennodejs/ros/robot_io/srv/_index.js)
Linked: (/home/jyk/perception_driven_ws/devel/.private/robot_io/share/common-lisp/ros/robot_io/srv/_package.lisp, /home/jyk/perception_driven_ws/devel/share/common-lisp/ros/robot_io/srv/_package.lisp)
Linked: (/home/jyk/perception_driven_ws/devel/.private/robot_io/share/common-lisp/ros/robot_io/srv/DigitalOutputUpdate.lisp, /home/jyk/perception_driven_ws/devel/share/common-lisp/ros/robot_io/srv/DigitalOutputUpdate.lisp)
Linked: (/home/jyk/perception_driven_ws/devel/.private/robot_io/share/common-lisp/ros/robot_io/srv/_package_DigitalOutputUpdate.lisp, /home/jyk/perception_driven_ws/devel/share/common-lisp/ros/robot_io/srv/_package_DigitalOutputUpdate.lisp)
Linked: (/home/jyk/perception_driven_ws/devel/.private/robot_io/share/common-lisp/ros/robot_io/srv/robot_io-srv.asd, /home/jyk/perception_driven_ws/devel/share/common-lisp/ros/robot_io/srv/robot_io-srv.asd)
Linked: (/home/jyk/perception_driven_ws/devel/.private/robot_io/share/roseus/ros/robot_io/manifest.l, /home/jyk/perception_driven_ws/devel/share/roseus/ros/robot_io/manifest.l)
Linked: (/home/jyk/perception_driven_ws/devel/.private/robot_io/share/roseus/ros/robot_io/srv/DigitalOutputUpdate.l, /home/jyk/perception_driven_ws/devel/share/roseus/ros/robot_io/srv/DigitalOutputUpdate.l)
Linked: (/home/jyk/perception_driven_ws/devel/.private/robot_io/share/robot_io/cmake/robot_io-msg-paths.cmake, /home/jyk/perception_driven_ws/devel/share/robot_io/cmake/robot_io-msg-paths.cmake)
Linked: (/home/jyk/perception_driven_ws/devel/.private/robot_io/share/robot_io/cmake/robot_ioConfig-version.cmake, /home/jyk/perception_driven_ws/devel/share/robot_io/cmake/robot_ioConfig-version.cmake)
Linked: (/home/jyk/perception_driven_ws/devel/.private/robot_io/share/robot_io/cmake/robot_io-msg-extras.cmake, /home/jyk/perception_driven_ws/devel/share/robot_io/cmake/robot_io-msg-extras.cmake)
Linked: (/home/jyk/perception_driven_ws/devel/.private/robot_io/share/robot_io/cmake/robot_ioConfig.cmake, /home/jyk/perception_driven_ws/devel/share/robot_io/cmake/robot_ioConfig.cmake)
