Linked: (/home/jyk/perception_driven_ws/devel/.private/ar_pose/lib/ar_pose/ar_multi, /home/jyk/perception_driven_ws/devel/lib/ar_pose/ar_multi)
Linked: (/home/jyk/perception_driven_ws/devel/.private/ar_pose/lib/ar_pose/ar_single, /home/jyk/perception_driven_ws/devel/lib/ar_pose/ar_single)
Linked: (/home/jyk/perception_driven_ws/devel/.private/ar_pose/lib/python2.7/dist-packages/ar_pose/__init__.py, /home/jyk/perception_driven_ws/devel/lib/python2.7/dist-packages/ar_pose/__init__.py)
Linked: (/home/jyk/perception_driven_ws/devel/.private/ar_pose/lib/python2.7/dist-packages/ar_pose/msg/__init__.py, /home/jyk/perception_driven_ws/devel/lib/python2.7/dist-packages/ar_pose/msg/__init__.py)
Linked: (/home/jyk/perception_driven_ws/devel/.private/ar_pose/lib/python2.7/dist-packages/ar_pose/msg/_ARMarkers.py, /home/jyk/perception_driven_ws/devel/lib/python2.7/dist-packages/ar_pose/msg/_ARMarkers.py)
Linked: (/home/jyk/perception_driven_ws/devel/.private/ar_pose/lib/python2.7/dist-packages/ar_pose/msg/_ARMarker.py, /home/jyk/perception_driven_ws/devel/lib/python2.7/dist-packages/ar_pose/msg/_ARMarker.py)
Linked: (/home/jyk/perception_driven_ws/devel/.private/ar_pose/lib/pkgconfig/ar_pose.pc, /home/jyk/perception_driven_ws/devel/lib/pkgconfig/ar_pose.pc)
Linked: (/home/jyk/perception_driven_ws/devel/.private/ar_pose/include/ar_pose/ARMarker.h, /home/jyk/perception_driven_ws/devel/include/ar_pose/ARMarker.h)
Linked: (/home/jyk/perception_driven_ws/devel/.private/ar_pose/include/ar_pose/ARMarkers.h, /home/jyk/perception_driven_ws/devel/include/ar_pose/ARMarkers.h)
Linked: (/home/jyk/perception_driven_ws/devel/.private/ar_pose/share/ar_pose/cmake/ar_pose-msg-paths.cmake, /home/jyk/perception_driven_ws/devel/share/ar_pose/cmake/ar_pose-msg-paths.cmake)
Linked: (/home/jyk/perception_driven_ws/devel/.private/ar_pose/share/ar_pose/cmake/ar_poseConfig.cmake, /home/jyk/perception_driven_ws/devel/share/ar_pose/cmake/ar_poseConfig.cmake)
Linked: (/home/jyk/perception_driven_ws/devel/.private/ar_pose/share/ar_pose/cmake/ar_poseConfig-version.cmake, /home/jyk/perception_driven_ws/devel/share/ar_pose/cmake/ar_poseConfig-version.cmake)
Linked: (/home/jyk/perception_driven_ws/devel/.private/ar_pose/share/ar_pose/cmake/ar_pose-msg-extras.cmake, /home/jyk/perception_driven_ws/devel/share/ar_pose/cmake/ar_pose-msg-extras.cmake)
Linked: (/home/jyk/perception_driven_ws/devel/.private/ar_pose/share/gennodejs/ros/ar_pose/_index.js, /home/jyk/perception_driven_ws/devel/share/gennodejs/ros/ar_pose/_index.js)
Linked: (/home/jyk/perception_driven_ws/devel/.private/ar_pose/share/gennodejs/ros/ar_pose/msg/ARMarker.js, /home/jyk/perception_driven_ws/devel/share/gennodejs/ros/ar_pose/msg/ARMarker.js)
Linked: (/home/jyk/perception_driven_ws/devel/.private/ar_pose/share/gennodejs/ros/ar_pose/msg/ARMarkers.js, /home/jyk/perception_driven_ws/devel/share/gennodejs/ros/ar_pose/msg/ARMarkers.js)
Linked: (/home/jyk/perception_driven_ws/devel/.private/ar_pose/share/gennodejs/ros/ar_pose/msg/_index.js, /home/jyk/perception_driven_ws/devel/share/gennodejs/ros/ar_pose/msg/_index.js)
Linked: (/home/jyk/perception_driven_ws/devel/.private/ar_pose/share/common-lisp/ros/ar_pose/msg/ARMarkers.lisp, /home/jyk/perception_driven_ws/devel/share/common-lisp/ros/ar_pose/msg/ARMarkers.lisp)
Linked: (/home/jyk/perception_driven_ws/devel/.private/ar_pose/share/common-lisp/ros/ar_pose/msg/_package.lisp, /home/jyk/perception_driven_ws/devel/share/common-lisp/ros/ar_pose/msg/_package.lisp)
Linked: (/home/jyk/perception_driven_ws/devel/.private/ar_pose/share/common-lisp/ros/ar_pose/msg/ARMarker.lisp, /home/jyk/perception_driven_ws/devel/share/common-lisp/ros/ar_pose/msg/ARMarker.lisp)
Linked: (/home/jyk/perception_driven_ws/devel/.private/ar_pose/share/common-lisp/ros/ar_pose/msg/ar_pose-msg.asd, /home/jyk/perception_driven_ws/devel/share/common-lisp/ros/ar_pose/msg/ar_pose-msg.asd)
Linked: (/home/jyk/perception_driven_ws/devel/.private/ar_pose/share/common-lisp/ros/ar_pose/msg/_package_ARMarkers.lisp, /home/jyk/perception_driven_ws/devel/share/common-lisp/ros/ar_pose/msg/_package_ARMarkers.lisp)
Linked: (/home/jyk/perception_driven_ws/devel/.private/ar_pose/share/common-lisp/ros/ar_pose/msg/_package_ARMarker.lisp, /home/jyk/perception_driven_ws/devel/share/common-lisp/ros/ar_pose/msg/_package_ARMarker.lisp)
Linked: (/home/jyk/perception_driven_ws/devel/.private/ar_pose/share/roseus/ros/ar_pose/manifest.l, /home/jyk/perception_driven_ws/devel/share/roseus/ros/ar_pose/manifest.l)
Linked: (/home/jyk/perception_driven_ws/devel/.private/ar_pose/share/roseus/ros/ar_pose/msg/ARMarkers.l, /home/jyk/perception_driven_ws/devel/share/roseus/ros/ar_pose/msg/ARMarkers.l)
Linked: (/home/jyk/perception_driven_ws/devel/.private/ar_pose/share/roseus/ros/ar_pose/msg/ARMarker.l, /home/jyk/perception_driven_ws/devel/share/roseus/ros/ar_pose/msg/ARMarker.l)
